proguard-project.txt
# To enable ProGuard in your project, edit project.properties
# to define the proguard.config property as described in that file.
#
# Add project specific ProGuard rules here.
# By default, the flags in this file are appended to flags specified
# in ${sdk.dir}/tools/proguard/proguard-android.txt
# You can edit the include path and order by changing the ProGuard
# include property in project.properties.
#
# For more details, see
#   http://developer.android.com/guide/developing/tools/proguard.html

# Add any project specific keep options here:

#工程中含有第三方jar包
-libraryjars libs/android-support-v4.jar
-libraryjars libs/gson-2.2.1.jar
-libraryjars libs/jpush-sdk-release1.7.2.jar
-libraryjars libs/mframework.jar
-libraryjars libs/Rong_IMKit_v1_3_2.jar
-libraryjars libs/ShareSDK-Core-2.5.8.jar
-libraryjars libs/ShareSDK-QQ-2.5.8.jar
-libraryjars libs/ShareSDK-QZone-2.5.8.jar
-libraryjars libs/ShareSDK-SinaWeibo-2.5.8.jar
-libraryjars libs/ShareSDK-Wechat-Core-2.5.8.jar
-libraryjars libs/ShareSDK-Wechat-Moments-2.5.8.jar
-libraryjars libs/universal-image-loader-1.9.3-SNAPSHOT.jar
-libraryjars libs/xutils_library.jar


# If your project uses WebView with JS, uncomment the following
# and specify the fully qualified class name to the JavaScript interface
# class:
#-keepclassmembers class fqcn.of.javascript.interface.for.webview {
#   public *;
#}



#android-support-v4

-keep class android.** {*;}
-dontwarn android.**

#gson
-keep class com.google.** {*;}
-dontwarn com.google.gson.**

#tencent
-keep class cn.sharesdk.tencent.** {*;}
-dontwarn cn.sharesdk.tencent.**

#Rong
-keep class com.jakewharton.disklrucache.** {*;}
-dontwarn com.jakewharton.disklrucache.**

-keep class com.sea_monster.core.** {*;}
-dontwarn com.sea_monster.core.**

-keep class com.ultrapower.mcs.engine.** {*;}
-dontwarn com.ultrapower.mcs.engine.**

-keep class de.greenrobot.event.** {*;}
-dontwarn de.greenrobot.event.**

-keep class io.rong.imkit.** {*;}
-dontwarn io.rong.imkit.**

-keep class io.rong.imlib.** {*;}
-dontwarn io.rong.imlib.**

-keep class io.rong.message.** {*;}
-dontwarn io.rong.message.**

-keep class io.rong.voipkit.** {*;}
-dontwarn io.rong.voipkit.**

-keep class io.rong.voiplib.** {*;}
-dontwarn io.rong.voiplib.**

-keep class uk.co.senab.** {*;}
-dontwarn uk.co.senab.**

#jpush
-keep class cn.jpush.android.** {*;}
-dontwarn cn.jpush.android.**

#mframework
-keep class m.framework.** {*;}
-dontwarn m.framework.**

#sina
-keep class cn.sharesdk.sina.weibo.** {*;}
-dontwarn cn.sharesdk.sina.weibo.**

-keep class com.sina.sso.** {*;}
-dontwarn com.sina.sso.**

#universalimageloader
-keep class com.nostra13.universalimageloader.** {*;}
-dontwarn com.nostra13.universalimageloader.**

#wechat
-keep class cn.sharesdk.wechat.** {*;}
-dontwarn cn.sharesdk.wechat.**

#xutils
-keep class com.lidroid.xutils.** {*;}
-dontwarn com.lidroid.xutils.**

#xutils
-keep class cn.sharesdk.framework.** {*;}
-dontwarn cn.sharesdk.framework.**

#WebView
-keep class com.rongdai.managemoney.pager.TendWebPager.** {*;}
-dontwarn com.rongdai.managemoney.pager.TendWebPager.**

-keep class com.rongdai.activity.personalcenter.PayWebViewActivity.** {*;}
-dontwarn com.rongdai.activity.personalcenter.PayWebViewActivity.**

-keep class com.rongdai.activity.personalcenter.GetMoneyWebviewActivity.** {*;}
-dontwarn com.rongdai.activity.personalcenter.GetMoneyWebviewActivity.**

-keep class com.rongdai.activity.personalcenter.CertificateHuiFu.** {*;}
-dontwarn com.rongdai.activity.personalcenter.CertificateHuiFu.**

-keep class com.rongdai.activity.NoticConsult.ShowImage.** {*;}
-dontwarn com.rongdai.activity.NoticConsult.ShowImage.**

#-keepclasseswithmembers
#class *{
#    public *;
#}

#-ignorewarnings
#-optimizationpasses 5
#-dontusemixedcaseclassnames
#-verbose