proguard/seeds.txt
io.rong.imkit.fragment.FriendMultiChoiceFragment$3
io.rong.imkit.fragment.FriendMultiChoiceFragment$3: io.rong.imkit.fragment.FriendMultiChoiceFragment this$0
io.rong.imkit.fragment.FriendMultiChoiceFragment$3: FriendMultiChoiceFragment$3(io.rong.imkit.fragment.FriendMultiChoiceFragment)
io.rong.imkit.fragment.FriendMultiChoiceFragment$3: void callback(int)
io.rong.imkit.fragment.PublishShowImageFragment
io.rong.imkit.fragment.PublishShowImageFragment: uk.co.senab.photoview.PhotoView mImageView
io.rong.imkit.fragment.PublishShowImageFragment: android.widget.Button mBtnDel
io.rong.imkit.fragment.PublishShowImageFragment: android.widget.Button mBtnConfirm
io.rong.imkit.fragment.PublishShowImageFragment: io.rong.imkit.view.LoadingDialog mDialog
io.rong.imkit.fragment.PublishShowImageFragment: android.net.Uri mUri
io.rong.imkit.fragment.PublishShowImageFragment: java.io.File mFile
io.rong.imkit.fragment.PublishShowImageFragment: PublishShowImageFragment()
io.rong.imkit.fragment.PublishShowImageFragment: android.view.View onCreateView(android.view.LayoutInflater,android.view.ViewGroup,android.os.Bundle)
io.rong.imkit.fragment.PublishShowImageFragment: void onViewCreated(android.view.View,android.os.Bundle)
io.rong.imkit.fragment.PublishShowImageFragment: void onResume()
io.rong.imkit.fragment.PublishShowImageFragment: void onClick(android.view.View)
io.rong.imkit.fragment.PublishShowImageFragment: boolean onBackPressed()
io.rong.imkit.fragment.PublishShowImageFragment: android.net.Uri access$000(io.rong.imkit.fragment.PublishShowImageFragment)
io.rong.imkit.fragment.PublishShowImageFragment: java.io.File access$100(io.rong.imkit.fragment.PublishShowImageFragment)
io.rong.imkit.fragment.PublishShowImageFragment: uk.co.senab.photoview.PhotoView access$200(io.rong.imkit.fragment.PublishShowImageFragment)
io.rong.imkit.fragment.PublishShowImageFragment$1
io.rong.imkit.fragment.PublishShowImageFragment$1: io.rong.imkit.fragment.PublishShowImageFragment this$0
io.rong.imkit.fragment.PublishShowImageFragment$1: PublishShowImageFragment$1(io.rong.imkit.fragment.PublishShowImageFragment)
io.rong.imkit.fragment.PublishShowImageFragment$1: void onClick(android.view.View)
io.rong.imkit.fragment.PublishShowImageFragment$2
io.rong.imkit.fragment.PublishShowImageFragment$2: io.rong.imkit.fragment.PublishShowImageFragment this$0
io.rong.imkit.fragment.PublishShowImageFragment$2: PublishShowImageFragment$2(io.rong.imkit.fragment.PublishShowImageFragment)
io.rong.imkit.fragment.PublishShowImageFragment$2: void run()
io.rong.imkit.fragment.PublishShowImageFragment$ImageProcess
io.rong.imkit.fragment.PublishShowImageFragment$ImageProcess: io.rong.imkit.fragment.PublishShowImageFragment this$0
io.rong.imkit.fragment.PublishShowImageFragment$ImageProcess: PublishShowImageFragment$ImageProcess(io.rong.imkit.fragment.PublishShowImageFragment)
io.rong.imkit.fragment.PublishShowImageFragment$ImageProcess: void onPreExecute()
io.rong.imkit.fragment.PublishShowImageFragment$ImageProcess: android.graphics.Bitmap doInBackground(android.net.Uri[])
io.rong.imkit.fragment.PublishShowImageFragment$ImageProcess: void onPostExecute(android.graphics.Bitmap)
io.rong.imkit.fragment.PublishShowImageFragment$ImageProcess: void onPostExecute(java.lang.Object)
io.rong.imkit.fragment.PublishShowImageFragment$ImageProcess: java.lang.Object doInBackground(java.lang.Object[])