proguard/mapping.txt
io.rong.imkit.RongIM$9$2 -> io.rong.imkit.RongIM$9$2:
    io.rong.imlib.RongIMClient$RemoveFromBlacklistCallback$ErrorCode val$errorCode -> val$errorCode
    io.rong.imkit.RongIM$9 this$1 -> this$1
    void run() -> run
io.rong.imkit.RongIM$ConnectionStatusListener -> io.rong.imkit.RongIM$ConnectionStatusListener:
    void onChanged(io.rong.imkit.RongIM$ConnectionStatusListener$ConnectionStatus) -> onChanged
io.rong.imkit.RongIM$ConnectionStatusListener$ConnectionStatus -> io.rong.imkit.RongIM$ConnectionStatusListener$ConnectionStatus:
    io.rong.imkit.RongIM$ConnectionStatusListener$ConnectionStatus DISCONNECTED -> DISCONNECTED
    io.rong.imkit.RongIM$ConnectionStatusListener$ConnectionStatus CONNECTED -> CONNECTED
    io.rong.imkit.RongIM$ConnectionStatusListener$ConnectionStatus CONNECTING -> CONNECTING
    io.rong.imkit.RongIM$ConnectionStatusListener$ConnectionStatus UNKNOWN -> UNKNOWN
    io.rong.imkit.RongIM$ConnectionStatusListener$ConnectionStatus NETWORK_UNAVAILABLE -> NETWORK_UNAVAILABLE
    io.rong.imkit.RongIM$ConnectionStatusListener$ConnectionStatus KICKED_OFFLINE_BY_OTHER_CLIENT -> KICKED_OFFLINE_BY_OTHER_CLIENT
    io.rong.imkit.RongIM$ConnectionStatusListener$ConnectionStatus LOGIN_ON_WEB -> LOGIN_ON_WEB
    int code -> code
    java.lang.String msg -> msg
    io.rong.imkit.RongIM$ConnectionStatusListener$ConnectionStatus[] $VALUES -> $VALUES
    io.rong.imkit.RongIM$ConnectionStatusListener$ConnectionStatus[] values() -> values
    io.rong.imkit.RongIM$ConnectionStatusListener$ConnectionStatus valueOf(java.lang.String) -> valueOf
    int getValue() -> getValue
    java.lang.String getMessage() -> getMessage
    io.rong.imkit.RongIM$ConnectionStatusListener$ConnectionStatus setValue(int) -> setValue
io.rong.imkit.RongIM$ConversationBehaviorListener -> io.rong.imkit.RongIM$ConversationBehaviorListener:
    boolean onClickUserPortrait(android.content.Context,io.rong.imlib.RongIMClient$ConversationType,io.rong.imlib.RongIMClient$UserInfo) -> onClickUserPortrait
    boolean onClickMessage(android.content.Context,io.rong.imlib.RongIMClient$Message) -> onClickMessage
io.rong.imkit.RongIM$GetBlacklistCallback -> io.rong.imkit.RongIM$GetBlacklistCallback:
    void onSuccess(java.lang.String[]) -> onSuccess
    void onError(io.rong.imkit.RongIM$GetBlacklistCallback$ErrorCode) -> onError
io.rong.imkit.RongIM$GetBlacklistCallback$ErrorCode -> io.rong.imkit.RongIM$GetBlacklistCallback$ErrorCode:
    io.rong.imkit.RongIM$GetBlacklistCallback$ErrorCode UNKNOWN -> UNKNOWN
    io.rong.imkit.RongIM$GetBlacklistCallback$ErrorCode TIMEOUT -> TIMEOUT
    int code -> code
    java.lang.String msg -> msg
    io.rong.imkit.RongIM$GetBlacklistCallback$ErrorCode[] $VALUES -> $VALUES
    io.rong.imkit.RongIM$GetBlacklistCallback$ErrorCode[] values() -> values
    io.rong.imkit.RongIM$GetBlacklistCallback$ErrorCode valueOf(java.lang.String) -> valueOf
    int getValue() -> getValue
    java.lang.String getMessage() -> getMessage
    io.rong.imkit.RongIM$GetBlacklistCallback$ErrorCode setValue(int) -> setValue
io.rong.imkit.RongIM$GetFriendsProvider -> io.rong.imkit.RongIM$GetFriendsProvider:
    java.util.List getFriends() -> getFriends
io.rong.imkit.RongIM$GetGroupInfoProvider -> io.rong.imkit.RongIM$GetGroupInfoProvider:
    io.rong.imlib.RongIMClient$Group getGroupInfo(java.lang.String) -> getGroupInfo
io.rong.imkit.RongIM$GetUserBlacklistCallback -> io.rong.imkit.RongIM$GetUserBlacklistCallback:
    void onSuccess(io.rong.imlib.RongIMClient$BlacklistStatus) -> onSuccess
    void onError(io.rong.imkit.RongIM$GetUserBlacklistCallback$ErrorCode) -> onError