proguard/usage.txt
cn.sharesdk.onekeyshare.theme.classic.FollowListPage$PRTHeader
cn.sharesdk.onekeyshare.theme.classic.FollowListPage$RotateImageView
cn.sharesdk.onekeyshare.theme.classic.PlatformGridView:
    private static final int MIN_CLICK_INTERVAL
    private static final int MSG_PLATFORM_LIST_GOT
    77:79:public PlatformGridView(android.content.Context,android.util.AttributeSet)
cn.sharesdk.onekeyshare.theme.skyblue.EditPage
cn.sharesdk.onekeyshare.theme.skyblue.EditPage$1
cn.sharesdk.onekeyshare.theme.skyblue.EditPage$2
cn.sharesdk.onekeyshare.theme.skyblue.EditPage$3
cn.sharesdk.onekeyshare.theme.skyblue.EditPage$4
cn.sharesdk.onekeyshare.theme.skyblue.FollowListPage
cn.sharesdk.onekeyshare.theme.skyblue.FollowListPage$FollowAdapter
cn.sharesdk.onekeyshare.theme.skyblue.FollowListPage$FollowListItem
cn.sharesdk.onekeyshare.theme.skyblue.FollowListPage$PRTHeader
cn.sharesdk.onekeyshare.theme.skyblue.FollowListPage$RotateImageView
com.rongdai.BuildConfig
com.rongdai.Manifest
com.rongdai.Manifest$permission
com.rongdai.R:
    10:10:public R()
com.rongdai.R$array
com.rongdai.R$attr
com.rongdai.R$bool
com.rongdai.R$color
com.rongdai.R$dimen
com.rongdai.R$drawable
com.rongdai.R$id
com.rongdai.R$integer
com.rongdai.R$layout
com.rongdai.R$string
com.rongdai.R$style
com.rongdai.R$styleable:
    4981:4981:public R$styleable()
com.rongdai.activity.personalcenter.InvestmentProjectMainActivity
com.rongdai.activity.personalcenter.MoneyRecordActivity:
    private android.widget.ArrayAdapter mAdapter
com.rongdai.activity.personalcenter.NotUsedRedActivity:
    72:88:private void getOrderListFromNet(java.lang.String)
    97:115:private void getMoreOrderListFromNet()
com.rongdai.activity.personalcenter.NotUsedRedActivity$1
com.rongdai.activity.personalcenter.NotUsedRedActivity$2
com.rongdai.activity.personalcenter.PayWebViewActivity:
    120:145:protected void getBanckCardFromNet()
com.rongdai.activity.personalcenter.PayWebViewActivity$2
com.rongdai.activity.personalcenter.RegistActivity:
    private java.lang.String cameraPicName
    private android.net.Uri imageUri
    private android.widget.Button openlater
    private android.widget.Button goopen
    private android.app.Dialog dialog
com.rongdai.activity.personalcenter.SetHandPasswordActivity:
    private android.widget.Button openlater
    private android.widget.Button goopen
    private android.app.Dialog dialog
com.rongdai.activity.personalcenter.SetHeadImageActivity
com.rongdai.activity.personalcenter.SetPhotoActivity
com.rongdai.base.BaseApplication:
    31:58:private void initChat()
com.rongdai.base.BaseApplication$1
com.rongdai.calculator.FloatWindowService:
    147:156:private java.util.List getHomes()
com.rongdai.calculator.FloatWindowSmallView:
    144:147:private void UpViewPosition()
com.rongdai.calculator.MyWindowManager:
    private static android.app.ActivityManager mActivityManager
    18:18:public MyWindowManager()
    177:180:private static android.app.ActivityManager getActivityManager(android.content.Context)
    191:205:public static java.lang.String getUsedPercentValue(android.content.Context)
    216:218:private static long getAvailableMemory(android.content.Context)
com.rongdai.constants.ConfigConstants:
    3:3:public ConfigConstants()
com.rongdai.constants.IntentConstants:
    3:3:public IntentConstants()
com.rongdai.domain.BindBanckCard:
    public java.lang.String errorCode
    public java.lang.String message
com.rongdai.domain.ChinaUniteCarTrade:
    public java.lang.String errorCode
    public java.lang.String message
com.rongdai.domain.ConfirmTenderBean:
    public java.lang.String bankAccount
    public java.lang.String errorCode
    public java.lang.String message
com.rongdai.domain.DrectionRaiseBean:
    public java.lang.String errorCode
    public java.lang.String message
com.rongdai.domain.ImageBean:
    public java.lang.String errorCode
    public java.lang.String message